<?xml version="1.0" encoding="UTF-8"?>
<testsuite xmlns:xsi="http://www.w3.org/2001/XMLSchema-instance" xsi:noNamespaceSchemaLocation="https://maven.apache.org/surefire/maven-surefire-plugin/xsd/surefire-test-report-3.0.xsd" version="3.0" name="com.cs410.battleship.BattleShipApplicationTests" time="2.628" tests="1" errors="0" skipped="0" failures="0">
  <properties>
[...]
</properties>
  <testcase name="contextLoads" classname="com.cs410.battleship.BattleShipApplicationTests" time="0.881">
    <system-out><![CDATA[16:55:43.677 [main] INFO org.springframework.test.context.support.AnnotationConfigContextLoaderUtils -- Could not detect default configuration classes for test class [com.cs410.battleship.BattleShipApplicationTests]: BattleShipApplicationTests does not declare any static, non-private, non-final, nested classes annotated with @Configuration.
16:55:43.777 [main] INFO org.springframework.boot.test.context.SpringBootTestContextBootstrapper -- Found @SpringBootConfiguration com.cs410.battleship.BattleShipApplication for test class com.cs410.battleship.BattleShipApplicationTests

  .   ____          _            __ _ _
 /\\ / ___'_ __ _ _(_)_ __  __ _ \ \ \ \
( ( )\___ | '_ | '_| | '_ \/ _` | \ \ \ \
 \\/  ___)| |_)| | | | | || (_| |  ) ) ) )
  '  |____| .__|_| |_|_| |_\__, | / / / /
 =========|_|==============|___/=/_/_/_/
 :: Spring Boot ::                (v3.2.0)

2023-12-14T16:55:44.164-05:00  INFO 47229 --- [           main] c.c.b.BattleShipApplicationTests         : Starting BattleShipApplicationTests using Java 17.0.9 with PID 47229 (started by estevaolordeiro in /Users/estevaolordeiro/GitLab/battleship)
2023-12-14T16:55:44.168-05:00  INFO 47229 --- [           main] c.c.b.BattleShipApplicationTests         : No active profile set, falling back to 1 default profile: "default"
2023-12-14T16:55:45.221-05:00  INFO 47229 --- [           main] c.c.b.BattleShipApplicationTests         : Started BattleShipApplicationTests in 1.302 seconds (process running for 2.176)
]]></system-out>
  </testcase>
</testsuite>